<?xml version="1.0" encoding="UTF-8"?>
<!-- Generated by org.testng.reporters.JUnitXMLReporter -->
<testsuite ignored="0" hostname="LLOYDEE" failures="0" tests="1" name="Default test" time="0.085" errors="0" timestamp="11 Aug 2019 19:02:54 GMT">
  <testcase classname="testrunner.TestRunner" name="@BeforeClass openURL" time="0.0">
    <failure type="org.testng.TestNGException" message="
Parameter &amp;apos;URLHere&amp;apos; is required by BeforeClass on method openURL but has not been marked @Optional or defined
in C:\Users\Owner\AppData\Local\Temp\testng-eclipse--876733961\testng-customsuite.xml">
      <![CDATA[org.testng.TestNGException: 
Parameter 'URLHere' is required by BeforeClass on method openURL but has not been marked @Optional or defined
in C:\Users\Owner\AppData\Local\Temp\testng-eclipse--876733961\testng-customsuite.xml
at org.testng.internal.Parameters.createParams(Parameters.java:290)
at org.testng.internal.Parameters.createParametersForMethod(Parameters.java:359)
at org.testng.internal.Parameters.createParameters(Parameters.java:620)
at org.testng.internal.Parameters.createConfigurationParameters(Parameters.java:190)
at org.testng.internal.Invoker.invokeConfigurations(Invoker.java:209)
at org.testng.internal.Invoker.invokeConfigurations(Invoker.java:142)
at org.testng.internal.TestMethodWorker.invokeBeforeClassMethods(TestMethodWorker.java:168)
at org.testng.internal.TestMethodWorker.run(TestMethodWorker.java:105)
at org.testng.TestRunner.privateRun(TestRunner.java:648)
at org.testng.TestRunner.run(TestRunner.java:505)
at org.testng.SuiteRunner.runTest(SuiteRunner.java:455)
at org.testng.SuiteRunner.runSequentially(SuiteRunner.java:450)
at org.testng.SuiteRunner.privateRun(SuiteRunner.java:415)
at org.testng.SuiteRunner.run(SuiteRunner.java:364)
at org.testng.SuiteRunnerWorker.runSuite(SuiteRunnerWorker.java:52)
at org.testng.SuiteRunnerWorker.run(SuiteRunnerWorker.java:84)
at org.testng.TestNG.runSuitesSequentially(TestNG.java:1208)
at org.testng.TestNG.runSuitesLocally(TestNG.java:1137)
at org.testng.TestNG.runSuites(TestNG.java:1049)
at org.testng.TestNG.run(TestNG.java:1017)
at org.testng.remote.AbstractRemoteTestNG.run(AbstractRemoteTestNG.java:115)
at org.testng.remote.RemoteTestNG.initAndRun(RemoteTestNG.java:251)
at org.testng.remote.RemoteTestNG.main(RemoteTestNG.java:77)
]]>
    </failure>
  </testcase> <!-- @BeforeClass openURL -->
  <testcase classname="testrunner.TestRunner" name="@AfterClass closeURL" time="0.0">
    <skipped/>
  </testcase> <!-- @AfterClass closeURL -->
  <testcase classname="testrunner.TestRunner" name="logInToJW" time="0.0">
    <skipped/>
  </testcase> <!-- logInToJW -->
</testsuite> <!-- Default test -->
